[03/Jun/2021:19:13:36] (I): WordPress Instance Info:
[03/Jun/2021:19:13:36] (I): Home URL : http://localhost/muspi_merol
[03/Jun/2021:19:13:36] (I): Site URL : http://localhost/muspi_merol
[03/Jun/2021:19:13:36] (I): WordPress Version : 5.7.2
[03/Jun/2021:19:13:36] (I): Onboarding Version : 1.1.13
[03/Jun/2021:19:13:36] (I): Multisite : No
[03/Jun/2021:19:13:36] (I): Server Info : Apache/2.4.47 (Win64) OpenSSL/1.1.1k PHP/8.0.6
[03/Jun/2021:19:13:36] (I): PHP Version : 8.0.6
[03/Jun/2021:19:13:36] (I): HTTPS : No
[03/Jun/2021:19:13:36] (I): PHP Max Execution Time : 120
[03/Jun/2021:19:13:36] (I): PHP Max Input Vars : 1000
[03/Jun/2021:19:13:36] (I): Max Upload Size : 41943040
[03/Jun/2021:19:13:36] (I): Plugins:
[03/Jun/2021:19:13:36] (I): [PLUGIN] MetaSlider : v3.20.3 (MetaSlider)
[03/Jun/2021:19:13:36] (I): [PLUGIN] Smart Slider 3 : v3.5.0.8 (Nextend)
[03/Jun/2021:19:13:36] (I): [PLUGIN] Templates Patterns Collection : v1.1.13 (ThemeIsle)
[03/Jun/2021:19:13:36] (P): Saving remote XML
[03/Jun/2021:19:13:37] (S): Saved remote XML at path C:\Laboratorio\muspi_merol\htdocs\muspi_merol/wp-content/uploads/themeisle-demo-import.xml.
[03/Jun/2021:19:13:37] (P): Starting content import...
[03/Jun/2021:19:13:37] (S): Import started.
[03/Jun/2021:19:13:37] (S): Parsing XML file.
[03/Jun/2021:19:13:37] (P): Starting parsing file:C:\Laboratorio\muspi_merol\htdocs\muspi_merol/wp-content/uploads/themeisle-demo-import.xml
[03/Jun/2021:19:13:37] (P): Using WXR_Parser_SimpleXML...
[03/Jun/2021:19:13:38] (S): Parsed XML
[03/Jun/2021:19:13:38] (P): Processing categories...
[03/Jun/2021:19:13:39] (S): Processed categories.
[03/Jun/2021:19:13:39] (P): Processing tags...
[03/Jun/2021:19:13:39] (S): No tags to process.
[03/Jun/2021:19:13:39] (P): Processing terms...
[03/Jun/2021:19:13:39] (W): Failed to import tcb_symbols_tax Footers
[03/Jun/2021:19:13:39] (E): Taxonomía no válida.
[03/Jun/2021:19:13:39] (W): Failed to import tcb_symbols_tax Headers
[03/Jun/2021:19:13:39] (E): Taxonomía no válida.
[03/Jun/2021:19:13:39] (S): Processed terms.
[03/Jun/2021:19:13:39] (P): Processing posts...
[03/Jun/2021:19:13:39] (P): Processing attachment: https://s33834.pcdn.co/web-agency-gb/wp-content/uploads/sites/422/2020/01/neve-webdesign-GB-01.png...
[03/Jun/2021:19:13:39] (P): Fetching attachment from url: https://s33834.pcdn.co/web-agency-gb/wp-content/uploads/sites/422/2020/01/neve-webdesign-GB-01.png...
[03/Jun/2021:19:13:39] (S): Fetched remote attachment.
[03/Jun/2021:19:13:39] (P): Inserting attachment...
[03/Jun/2021:19:13:40] (S): Attachment inserted
[03/Jun/2021:19:13:40] (S): Processed attachment.
[03/Jun/2021:19:13:40] (P): Processing attachment: https://s33834.pcdn.co/web-agency-gb/wp-content/uploads/sites/422/2020/01/neve-webdesign-GB-03.png...
[03/Jun/2021:19:13:40] (P): Fetching attachment from url: https://s33834.pcdn.co/web-agency-gb/wp-content/uploads/sites/422/2020/01/neve-webdesign-GB-03.png...
[03/Jun/2021:19:13:40] (S): Fetched remote attachment.
[03/Jun/2021:19:13:40] (P): Inserting attachment...
[03/Jun/2021:19:13:40] (S): Attachment inserted
[03/Jun/2021:19:13:40] (S): Processed attachment.
[03/Jun/2021:19:13:40] (P): Processing attachment: https://s33834.pcdn.co/web-agency-gb/wp-content/uploads/sites/422/2020/01/neve-webdesign-GB-04.png...
[03/Jun/2021:19:13:40] (P): Fetching attachment from url: https://s33834.pcdn.co/web-agency-gb/wp-content/uploads/sites/422/2020/01/neve-webdesign-GB-04.png...
[03/Jun/2021:19:13:41] (S): Fetched remote attachment.
[03/Jun/2021:19:13:41] (P): Inserting attachment...
[03/Jun/2021:19:13:41] (S): Attachment inserted
[03/Jun/2021:19:13:41] (S): Processed attachment.
[03/Jun/2021:19:13:41] (P): Processing attachment: https://s33834.pcdn.co/web-agency-gb/wp-content/uploads/sites/422/2020/01/neve-web-design-bg-08.jpg...
[03/Jun/2021:19:13:41] (P): Fetching attachment from url: https://s33834.pcdn.co/web-agency-gb/wp-content/uploads/sites/422/2020/01/neve-web-design-bg-08.jpg...
[03/Jun/2021:19:13:42] (S): Fetched remote attachment.
[03/Jun/2021:19:13:42] (P): Inserting attachment...
[03/Jun/2021:19:13:42] (S): Attachment inserted
[03/Jun/2021:19:13:42] (S): Processed attachment.
[03/Jun/2021:19:13:42] (P): Processing attachment: https://s33834.pcdn.co/web-agency-gb/wp-content/uploads/sites/422/2020/01/neve-web-design-bg-09.jpg...
[03/Jun/2021:19:13:42] (P): Fetching attachment from url: https://s33834.pcdn.co/web-agency-gb/wp-content/uploads/sites/422/2020/01/neve-web-design-bg-09.jpg...
[03/Jun/2021:19:13:42] (S): Fetched remote attachment.
[03/Jun/2021:19:13:42] (P): Inserting attachment...
[03/Jun/2021:19:13:43] (S): Attachment inserted
[03/Jun/2021:19:13:43] (S): Processed attachment.
[03/Jun/2021:19:13:43] (P): Processing attachment: https://s33834.pcdn.co/web-agency-gb/wp-content/uploads/sites/422/2020/01/neve-web-design-bg-10.jpg...
[03/Jun/2021:19:13:43] (P): Fetching attachment from url: https://s33834.pcdn.co/web-agency-gb/wp-content/uploads/sites/422/2020/01/neve-web-design-bg-10.jpg...
[03/Jun/2021:19:13:43] (S): Fetched remote attachment.
[03/Jun/2021:19:13:43] (P): Inserting attachment...
[03/Jun/2021:19:13:43] (S): Attachment inserted
[03/Jun/2021:19:13:43] (S): Processed attachment.
[03/Jun/2021:19:13:43] (P): Processing attachment: https://s33834.pcdn.co/web-agency-gb/wp-content/uploads/sites/422/2020/01/neve-web-design-bg-11.jpg...
[03/Jun/2021:19:13:43] (P): Fetching attachment from url: https://s33834.pcdn.co/web-agency-gb/wp-content/uploads/sites/422/2020/01/neve-web-design-bg-11.jpg...
[03/Jun/2021:19:13:44] (S): Fetched remote attachment.
[03/Jun/2021:19:13:44] (P): Inserting attachment...
[03/Jun/2021:19:13:44] (S): Attachment inserted
[03/Jun/2021:19:13:44] (S): Processed attachment.
[03/Jun/2021:19:13:44] (P): Processing attachment: https://s33834.pcdn.co/web-agency-gb/wp-content/uploads/sites/422/2020/01/neve-web-design-bg-12.jpg...
[03/Jun/2021:19:13:44] (P): Fetching attachment from url: https://s33834.pcdn.co/web-agency-gb/wp-content/uploads/sites/422/2020/01/neve-web-design-bg-12.jpg...
[03/Jun/2021:19:13:44] (S): Fetched remote attachment.
[03/Jun/2021:19:13:44] (P): Inserting attachment...
[03/Jun/2021:19:13:44] (S): Attachment inserted
[03/Jun/2021:19:13:44] (S): Processed attachment.
[03/Jun/2021:19:13:44] (P): Processing attachment: https://s33834.pcdn.co/web-agency-gb/wp-content/uploads/sites/422/2020/01/neve-web-design-bg-13.jpg...
[03/Jun/2021:19:13:44] (P): Fetching attachment from url: https://s33834.pcdn.co/web-agency-gb/wp-content/uploads/sites/422/2020/01/neve-web-design-bg-13.jpg...
[03/Jun/2021:19:13:45] (S): Fetched remote attachment.
[03/Jun/2021:19:13:45] (P): Inserting attachment...
[03/Jun/2021:19:13:45] (S): Attachment inserted
[03/Jun/2021:19:13:45] (S): Processed attachment.
[03/Jun/2021:19:13:45] (P): Processing attachment: https://s33834.pcdn.co/web-agency-gb/wp-content/uploads/sites/422/2020/01/neve-web-design-bg-14.jpg...
[03/Jun/2021:19:13:45] (P): Fetching attachment from url: https://s33834.pcdn.co/web-agency-gb/wp-content/uploads/sites/422/2020/01/neve-web-design-bg-14.jpg...
[03/Jun/2021:19:13:45] (S): Fetched remote attachment.
[03/Jun/2021:19:13:45] (P): Inserting attachment...
[03/Jun/2021:19:13:45] (S): Attachment inserted
[03/Jun/2021:19:13:46] (S): Processed attachment.
[03/Jun/2021:19:13:46] (P): Processing attachment: https://s33834.pcdn.co/web-agency-gb/wp-content/uploads/sites/422/2020/01/neve-web-design-bg-15.jpg...
[03/Jun/2021:19:13:46] (P): Fetching attachment from url: https://s33834.pcdn.co/web-agency-gb/wp-content/uploads/sites/422/2020/01/neve-web-design-bg-15.jpg...
[03/Jun/2021:19:13:46] (S): Fetched remote attachment.
[03/Jun/2021:19:13:46] (P): Inserting attachment...
[03/Jun/2021:19:13:46] (S): Attachment inserted
[03/Jun/2021:19:13:46] (S): Processed attachment.
[03/Jun/2021:19:13:46] (P): Processing attachment: https://s33834.pcdn.co/web-agency-gb/wp-content/uploads/sites/422/2020/06/cropped-web-agency-logo-2.png...
[03/Jun/2021:19:13:46] (P): Fetching attachment from url: https://s33834.pcdn.co/web-agency-gb/wp-content/uploads/sites/422/2020/06/cropped-web-agency-logo-2.png...
[03/Jun/2021:19:13:46] (S): Fetched remote attachment.
[03/Jun/2021:19:13:46] (P): Inserting attachment...
[03/Jun/2021:19:13:46] (S): Attachment inserted
[03/Jun/2021:19:13:46] (S): Processed attachment.
[03/Jun/2021:19:13:46] (P): Processing attachment: https://s33834.pcdn.co/web-agency-gb/wp-content/uploads/sites/422/2020/06/cropped-web-agency-icon.png...
[03/Jun/2021:19:13:46] (P): Fetching attachment from url: https://s33834.pcdn.co/web-agency-gb/wp-content/uploads/sites/422/2020/06/cropped-web-agency-icon.png...
[03/Jun/2021:19:13:47] (S): Fetched remote attachment.
[03/Jun/2021:19:13:47] (P): Inserting attachment...
[03/Jun/2021:19:13:47] (S): Attachment inserted
[03/Jun/2021:19:13:47] (S): Processed attachment.
[03/Jun/2021:19:13:47] (P): Processing attachment: https://s33834.pcdn.co/web-agency-gb/wp-content/uploads/sites/422/2020/07/web-design-studio-01.jpg.jpg...
[03/Jun/2021:19:13:47] (P): Fetching attachment from url: https://s33834.pcdn.co/web-agency-gb/wp-content/uploads/sites/422/2020/07/web-design-studio-01.jpg.jpg...
[03/Jun/2021:19:13:47] (S): Fetched remote attachment.
[03/Jun/2021:19:13:47] (P): Inserting attachment...
[03/Jun/2021:19:13:47] (S): Attachment inserted
[03/Jun/2021:19:13:47] (S): Processed attachment.
[03/Jun/2021:19:13:47] (P): Inserting custom_css: neve .
[03/Jun/2021:19:13:48] (S): Done inserting custom_css: neve .
[03/Jun/2021:19:13:48] (P): Processing attachment: https://s33834.pcdn.co/web-agency-gb/wp-content/uploads/sites/422/2020/12/web-agency-logo-3.png...
[03/Jun/2021:19:13:48] (P): Fetching attachment from url: https://s33834.pcdn.co/web-agency-gb/wp-content/uploads/sites/422/2020/12/web-agency-logo-3.png...
[03/Jun/2021:19:13:48] (S): Fetched remote attachment.
[03/Jun/2021:19:13:48] (P): Inserting attachment...
[03/Jun/2021:19:13:48] (S): Attachment inserted
[03/Jun/2021:19:13:48] (S): Processed attachment.
[03/Jun/2021:19:13:48] (P): Processing attachment: https://s33834.pcdn.co/web-agency-gb/wp-content/uploads/sites/422/2020/12/neve-web-design-studio-02.1.jpg...
[03/Jun/2021:19:13:48] (P): Fetching attachment from url: https://s33834.pcdn.co/web-agency-gb/wp-content/uploads/sites/422/2020/12/neve-web-design-studio-02.1.jpg...
[03/Jun/2021:19:13:48] (S): Fetched remote attachment.
[03/Jun/2021:19:13:48] (P): Inserting attachment...
[03/Jun/2021:19:13:48] (S): Attachment inserted
[03/Jun/2021:19:13:49] (S): Processed attachment.
[03/Jun/2021:19:13:49] (P): Processing attachment: https://s33834.pcdn.co/web-agency-gb/wp-content/uploads/sites/422/2020/12/neve-web-design-studio-03.1.jpg...
[03/Jun/2021:19:13:49] (P): Fetching attachment from url: https://s33834.pcdn.co/web-agency-gb/wp-content/uploads/sites/422/2020/12/neve-web-design-studio-03.1.jpg...
[03/Jun/2021:19:13:49] (S): Fetched remote attachment.
[03/Jun/2021:19:13:49] (P): Inserting attachment...
[03/Jun/2021:19:13:49] (S): Attachment inserted
[03/Jun/2021:19:13:49] (S): Processed attachment.
[03/Jun/2021:19:13:49] (P): Processing attachment: https://s33834.pcdn.co/web-agency-gb/wp-content/uploads/sites/422/2020/12/neve-web-design-studio-04.1.jpg...
[03/Jun/2021:19:13:49] (P): Fetching attachment from url: https://s33834.pcdn.co/web-agency-gb/wp-content/uploads/sites/422/2020/12/neve-web-design-studio-04.1.jpg...
[03/Jun/2021:19:13:50] (S): Fetched remote attachment.
[03/Jun/2021:19:13:50] (P): Inserting attachment...
[03/Jun/2021:19:13:50] (S): Attachment inserted
[03/Jun/2021:19:13:50] (S): Processed attachment.
[03/Jun/2021:19:13:50] (P): Processing attachment: https://s33834.pcdn.co/web-agency-gb/wp-content/uploads/sites/422/2020/12/neve-web-design-studio-07.1.png...
[03/Jun/2021:19:13:50] (P): Fetching attachment from url: https://s33834.pcdn.co/web-agency-gb/wp-content/uploads/sites/422/2020/12/neve-web-design-studio-07.1.png...
[03/Jun/2021:19:13:50] (S): Fetched remote attachment.
[03/Jun/2021:19:13:50] (P): Inserting attachment...
[03/Jun/2021:19:13:51] (S): Attachment inserted
[03/Jun/2021:19:13:51] (S): Processed attachment.
[03/Jun/2021:19:13:51] (P): Inserting post: 5 UX Principles for Creating a Great Website .
[03/Jun/2021:19:13:51] (S): Done inserting post: 5 UX Principles for Creating a Great Website .
[03/Jun/2021:19:13:51] (P): Inserting page: News .
[03/Jun/2021:19:13:51] (S): Done inserting page: News .
[03/Jun/2021:19:13:51] (P): Inserting page: Home .
[03/Jun/2021:19:13:51] (S): Done inserting page: Home .
[03/Jun/2021:19:13:51] (P): Processing single menu item ' '...
[03/Jun/2021:19:13:52] (S): Processed single menu item.
[03/Jun/2021:19:13:52] (P): Processing single menu item ' '...
[03/Jun/2021:19:13:52] (S): Processed single menu item.
[03/Jun/2021:19:13:52] (P): Inserting post: Web Design Trends for 2020 .
[03/Jun/2021:19:13:53] (S): Done inserting post: Web Design Trends for 2020 .
[03/Jun/2021:19:13:53] (P): Inserting post: A Simple Guide to Design Thinking .
[03/Jun/2021:19:13:53] (S): Done inserting post: A Simple Guide to Design Thinking .
[03/Jun/2021:19:13:53] (P): Inserting wp_block: 3 column section .
[03/Jun/2021:19:13:53] (S): Done inserting wp_block: 3 column section .
[03/Jun/2021:19:13:53] (P): Inserting page: About Us .
[03/Jun/2021:19:13:53] (S): Done inserting page: About Us .
[03/Jun/2021:19:13:54] (P): Processing single menu item ' '...
[03/Jun/2021:19:13:54] (S): Processed single menu item.
[03/Jun/2021:19:13:54] (P): Inserting page: Portfolio .
[03/Jun/2021:19:13:54] (S): Done inserting page: Portfolio .
[03/Jun/2021:19:13:54] (P): Inserting page: Portfolio Single .
[03/Jun/2021:19:13:54] (S): Done inserting page: Portfolio Single .
[03/Jun/2021:19:13:54] (P): Processing single menu item ' '...
[03/Jun/2021:19:13:55] (S): Processed single menu item.
[03/Jun/2021:19:13:55] (P): Processing single menu item ' '...
[03/Jun/2021:19:13:55] (S): Processed single menu item.
[03/Jun/2021:19:13:55] (P): Inserting page: Contact Us .
[03/Jun/2021:19:13:55] (S): Done inserting page: Contact Us .
[03/Jun/2021:19:13:56] (P): Processing single menu item ' '...
[03/Jun/2021:19:13:56] (S): Processed single menu item.
[03/Jun/2021:19:13:56] (P): Inserting wp_block: Team Social Icons .
[03/Jun/2021:19:13:56] (S): Done inserting wp_block: Team Social Icons .
[03/Jun/2021:19:13:56] (S): Processed posts.
[03/Jun/2021:19:13:57] (P): Cleaning up import with id ...
[03/Jun/2021:19:13:57] (P): Done cleanup. Flushing cache...
[03/Jun/2021:19:13:57] (P): Flushed cache. Removing temporary data..
[03/Jun/2021:19:13:57] (S): Done importing
[03/Jun/2021:19:13:57] (P): Busting elementor cache
[03/Jun/2021:19:13:57] (S): Front page set up with id: 230.
