::1 - - [02/Jun/2021:17:38:53 -0300] "GET /phpmyadmin/ HTTP/1.1" 200 16495 "-" "Mozilla/5.0 (Windows NT 10.0; Win64; x64) AppleWebKit/537.36 (KHTML, like Gecko) Chrome/91.0.4472.77 Safari/537.36"
::1 - - [02/Jun/2021:17:38:54 -0300] "GET /phpmyadmin/themes/pmahomme/css/theme.css?v=5.1.0&nocache=6247129122ltr&server=1 HTTP/1.1" 200 214806 "-" "Mozilla/5.0 (Windows NT 10.0; Win64; x64) AppleWebKit/537.36 (KHTML, like Gecko) Chrome/91.0.4472.77 Safari/537.36"
::1 - - [02/Jun/2021:17:38:54 -0300] "GET /phpmyadmin/js/messages.php?l=es&v=5.1.0 HTTP/1.1" 200 8880 "-" "Mozilla/5.0 (Windows NT 10.0; Win64; x64) AppleWebKit/537.36 (KHTML, like Gecko) Chrome/91.0.4472.77 Safari/537.36"
::1 - - [02/Jun/2021:17:38:54 -0300] "POST /phpmyadmin/index.php?route=/config/get HTTP/1.1" 200 1608 "-" "Mozilla/5.0 (Windows NT 10.0; Win64; x64) AppleWebKit/537.36 (KHTML, like Gecko) Chrome/91.0.4472.77 Safari/537.36"
::1 - - [02/Jun/2021:17:38:54 -0300] "GET /phpmyadmin/themes/pmahomme/img/b_more.png HTTP/1.1" 200 111 "http://localhost/phpmyadmin/themes/pmahomme/css/theme.css?v=5.1.0&nocache=6247129122ltr&server=1" "Mozilla/5.0 (Windows NT 10.0; Win64; x64) AppleWebKit/537.36 (KHTML, like Gecko) Chrome/91.0.4472.77 Safari/537.36"
::1 - - [02/Jun/2021:17:38:54 -0300] "POST /phpmyadmin/index.php?route=/navigation&ajax_request=1 HTTP/1.1" 200 2334 "-" "Mozilla/5.0 (Windows NT 10.0; Win64; x64) AppleWebKit/537.36 (KHTML, like Gecko) Chrome/91.0.4472.77 Safari/537.36"
::1 - - [02/Jun/2021:17:38:54 -0300] "POST /phpmyadmin/index.php?route=/config/get HTTP/1.1" 200 1698 "-" "Mozilla/5.0 (Windows NT 10.0; Win64; x64) AppleWebKit/537.36 (KHTML, like Gecko) Chrome/91.0.4472.77 Safari/537.36"
::1 - - [02/Jun/2021:17:38:54 -0300] "POST /phpmyadmin/index.php?route=/version-check HTTP/1.1" 200 64 "-" "Mozilla/5.0 (Windows NT 10.0; Win64; x64) AppleWebKit/537.36 (KHTML, like Gecko) Chrome/91.0.4472.77 Safari/537.36"
::1 - - [02/Jun/2021:17:38:54 -0300] "POST /phpmyadmin/index.php?route=/database/structure/favorite-table&ajax_request=1&favorite_table=1&sync_favorite_tables=1 HTTP/1.1" 200 162 "-" "Mozilla/5.0 (Windows NT 10.0; Win64; x64) AppleWebKit/537.36 (KHTML, like Gecko) Chrome/91.0.4472.77 Safari/537.36"
::1 - - [02/Jun/2021:17:38:54 -0300] "POST /phpmyadmin/index.php?route=/config/set HTTP/1.1" 200 1601 "-" "Mozilla/5.0 (Windows NT 10.0; Win64; x64) AppleWebKit/537.36 (KHTML, like Gecko) Chrome/91.0.4472.77 Safari/537.36"
::1 - - [02/Jun/2021:17:38:57 -0300] "GET /phpmyadmin/index.php?route=/server/databases&server=1&ajax_request=true&ajax_page_request=true&_nocache=1622666337567230721&token=335f35654c473b35724b487050796541 HTTP/1.1" 200 7889 "-" "Mozilla/5.0 (Windows NT 10.0; Win64; x64) AppleWebKit/537.36 (KHTML, like Gecko) Chrome/91.0.4472.77 Safari/537.36"
::1 - - [02/Jun/2021:17:38:57 -0300] "GET /phpmyadmin/js/dist/server/databases.js?v=5.1.0 HTTP/1.1" 200 4917 "-" "Mozilla/5.0 (Windows NT 10.0; Win64; x64) AppleWebKit/537.36 (KHTML, like Gecko) Chrome/91.0.4472.77 Safari/537.36"
::1 - - [02/Jun/2021:17:39:05 -0300] "POST /phpmyadmin/index.php?route=/server/databases/create HTTP/1.1" 200 2028 "-" "Mozilla/5.0 (Windows NT 10.0; Win64; x64) AppleWebKit/537.36 (KHTML, like Gecko) Chrome/91.0.4472.77 Safari/537.36"
::1 - - [02/Jun/2021:17:39:05 -0300] "GET /phpmyadmin/index.php?route=/database/structure&db=muspi_merol&ajax_request=true&ajax_page_request=true&_nocache=1622666345337668477&token=335f35654c473b35724b487050796541 HTTP/1.1" 200 3172 "-" "Mozilla/5.0 (Windows NT 10.0; Win64; x64) AppleWebKit/537.36 (KHTML, like Gecko) Chrome/91.0.4472.77 Safari/537.36"
::1 - - [02/Jun/2021:17:39:05 -0300] "POST /phpmyadmin/index.php?route=/navigation&ajax_request=1 HTTP/1.1" 200 2374 "-" "Mozilla/5.0 (Windows NT 10.0; Win64; x64) AppleWebKit/537.36 (KHTML, like Gecko) Chrome/91.0.4472.77 Safari/537.36"
::1 - - [02/Jun/2021:17:39:05 -0300] "GET /phpmyadmin/index.php?route=/navigation&ajax_request=1&server=1&aPath=cm9vdA%3D%3D.bXVzcGlfbWVyb2w%3D&vPath=cm9vdA%3D%3D.bXVzcGlfbWVyb2w%3D&pos=0&searchClause=&searchClause2=&_nocache=1622666345613475460&token=335f35654c473b35724b487050796541 HTTP/1.1" 200 1626 "-" "Mozilla/5.0 (Windows NT 10.0; Win64; x64) AppleWebKit/537.36 (KHTML, like Gecko) Chrome/91.0.4472.77 Safari/537.36"
::1 - - [02/Jun/2021:17:39:33 -0300] "GET /muspi_merol/ HTTP/1.1" 302 - "-" "Mozilla/5.0 (Windows NT 10.0; Win64; x64) AppleWebKit/537.36 (KHTML, like Gecko) Chrome/91.0.4472.77 Safari/537.36"
::1 - - [02/Jun/2021:17:39:33 -0300] "GET /muspi_merol/wp-admin/setup-config.php HTTP/1.1" 200 12829 "-" "Mozilla/5.0 (Windows NT 10.0; Win64; x64) AppleWebKit/537.36 (KHTML, like Gecko) Chrome/91.0.4472.77 Safari/537.36"
::1 - - [02/Jun/2021:17:39:47 -0300] "POST /muspi_merol/wp-admin/setup-config.php?step=0 HTTP/1.1" 200 2952 "http://localhost/muspi_merol/wp-admin/setup-config.php" "Mozilla/5.0 (Windows NT 10.0; Win64; x64) AppleWebKit/537.36 (KHTML, like Gecko) Chrome/91.0.4472.77 Safari/537.36"
::1 - - [02/Jun/2021:17:39:51 -0300] "GET /muspi_merol/wp-admin/setup-config.php?step=1&language=es_ES HTTP/1.1" 200 3619 "http://localhost/muspi_merol/wp-admin/setup-config.php?step=0" "Mozilla/5.0 (Windows NT 10.0; Win64; x64) AppleWebKit/537.36 (KHTML, like Gecko) Chrome/91.0.4472.77 Safari/537.36"
::1 - - [02/Jun/2021:17:40:03 -0300] "POST /muspi_merol/wp-admin/setup-config.php?step=2 HTTP/1.1" 200 1902 "http://localhost/muspi_merol/wp-admin/setup-config.php?step=1&language=es_ES" "Mozilla/5.0 (Windows NT 10.0; Win64; x64) AppleWebKit/537.36 (KHTML, like Gecko) Chrome/91.0.4472.77 Safari/537.36"
::1 - - [02/Jun/2021:17:40:06 -0300] "GET /muspi_merol/wp-admin/install.php?language=es_ES HTTP/1.1" 200 9323 "http://localhost/muspi_merol/wp-admin/setup-config.php?step=2" "Mozilla/5.0 (Windows NT 10.0; Win64; x64) AppleWebKit/537.36 (KHTML, like Gecko) Chrome/91.0.4472.77 Safari/537.36"
::1 - - [02/Jun/2021:17:40:28 -0300] "GET /muspi_merol/ HTTP/1.1" 200 8851
::1 - - [02/Jun/2021:17:40:27 -0300] "GET /muspi_merol/2021/06/02/hola-mundo/ HTTP/1.1" 200 14039 "http://localhost/muspi_merol/2021/06/02/hola-mundo/" "WordPress/5.7.2; http://localhost/muspi_merol"
::1 - - [02/Jun/2021:17:40:17 -0300] "POST /muspi_merol/wp-admin/install.php?step=2 HTTP/1.1" 200 6264 "http://localhost/muspi_merol/wp-admin/install.php?language=es_ES" "Mozilla/5.0 (Windows NT 10.0; Win64; x64) AppleWebKit/537.36 (KHTML, like Gecko) Chrome/91.0.4472.77 Safari/537.36"
::1 - - [02/Jun/2021:17:40:32 -0300] "GET /muspi_merol/wp-login.php HTTP/1.1" 200 8626 "http://localhost/muspi_merol/wp-admin/install.php?step=2" "Mozilla/5.0 (Windows NT 10.0; Win64; x64) AppleWebKit/537.36 (KHTML, like Gecko) Chrome/91.0.4472.77 Safari/537.36"
::1 - - [02/Jun/2021:17:40:32 -0300] "GET /muspi_merol/wp-admin/css/login.min.css?ver=5.7.2 HTTP/1.1" 200 5661 "http://localhost/muspi_merol/wp-login.php" "Mozilla/5.0 (Windows NT 10.0; Win64; x64) AppleWebKit/537.36 (KHTML, like Gecko) Chrome/91.0.4472.77 Safari/537.36"
::1 - - [02/Jun/2021:17:40:37 -0300] "POST /muspi_merol/wp-login.php HTTP/1.1" 302 - "http://localhost/muspi_merol/wp-login.php" "Mozilla/5.0 (Windows NT 10.0; Win64; x64) AppleWebKit/537.36 (KHTML, like Gecko) Chrome/91.0.4472.77 Safari/537.36"
::1 - - [02/Jun/2021:17:40:40 -0300] "GET /muspi_merol/wp-admin/load-scripts.php?c=0&load%5Bchunk_0%5D=jquery-core,jquery-migrate,utils&ver=5.7.2 HTTP/1.1" 200 102587 "http://localhost/muspi_merol/wp-admin/" "Mozilla/5.0 (Windows NT 10.0; Win64; x64) AppleWebKit/537.36 (KHTML, like Gecko) Chrome/91.0.4472.77 Safari/537.36"
::1 - - [02/Jun/2021:17:40:40 -0300] "GET /muspi_merol/wp-admin/load-styles.php?c=0&dir=ltr&load%5Bchunk_0%5D=dashicons,admin-bar,site-health,common,forms,admin-menu,dashboard,list-tables,edit,revisions,media,themes,about,nav-menus,wp-poi&load%5Bchunk_1%5D=nter,widgets,site-icon,l10n,buttons,wp-auth-check&ver=5.7.2 HTTP/1.1" 200 384320 "http://localhost/muspi_merol/wp-admin/" "Mozilla/5.0 (Windows NT 10.0; Win64; x64) AppleWebKit/537.36 (KHTML, like Gecko) Chrome/91.0.4472.77 Safari/537.36"
::1 - - [02/Jun/2021:17:40:40 -0300] "GET /muspi_merol/wp-includes/css/editor.min.css?ver=5.7.2 HTTP/1.1" 200 27209 "http://localhost/muspi_merol/wp-admin/" "Mozilla/5.0 (Windows NT 10.0; Win64; x64) AppleWebKit/537.36 (KHTML, like Gecko) Chrome/91.0.4472.77 Safari/537.36"
::1 - - [02/Jun/2021:17:40:37 -0300] "GET /muspi_merol/wp-admin/ HTTP/1.1" 200 82202 "http://localhost/muspi_merol/wp-login.php" "Mozilla/5.0 (Windows NT 10.0; Win64; x64) AppleWebKit/537.36 (KHTML, like Gecko) Chrome/91.0.4472.77 Safari/537.36"
::1 - - [02/Jun/2021:17:40:40 -0300] "GET /muspi_merol/wp-includes/js/dist/url.min.js?ver=0ac7e0472c46121366e7ce07244be1ac HTTP/1.1" 200 8620 "http://localhost/muspi_merol/wp-admin/" "Mozilla/5.0 (Windows NT 10.0; Win64; x64) AppleWebKit/537.36 (KHTML, like Gecko) Chrome/91.0.4472.77 Safari/537.36"
::1 - - [02/Jun/2021:17:40:40 -0300] "GET /muspi_merol/wp-admin/load-scripts.php?c=0&load%5Bchunk_0%5D=hoverIntent&ver=5.7.2 HTTP/1.1" 200 1123 "http://localhost/muspi_merol/wp-admin/" "Mozilla/5.0 (Windows NT 10.0; Win64; x64) AppleWebKit/537.36 (KHTML, like Gecko) Chrome/91.0.4472.77 Safari/537.36"
::1 - - [02/Jun/2021:17:40:40 -0300] "GET /muspi_merol/wp-includes/js/wp-ajax-response.min.js?ver=5.7.2 HTTP/1.1" 200 2098 "http://localhost/muspi_merol/wp-admin/" "Mozilla/5.0 (Windows NT 10.0; Win64; x64) AppleWebKit/537.36 (KHTML, like Gecko) Chrome/91.0.4472.77 Safari/537.36"
::1 - - [02/Jun/2021:17:40:40 -0300] "GET /muspi_merol/wp-includes/js/wp-lists.min.js?ver=5.7.2 HTTP/1.1" 200 7434 "http://localhost/muspi_merol/wp-admin/" "Mozilla/5.0 (Windows NT 10.0; Win64; x64) AppleWebKit/537.36 (KHTML, like Gecko) Chrome/91.0.4472.77 Safari/537.36"
::1 - - [02/Jun/2021:17:40:40 -0300] "GET /muspi_merol/wp-includes/js/quicktags.min.js?ver=5.7.2 HTTP/1.1" 200 11149 "http://localhost/muspi_merol/wp-admin/" "Mozilla/5.0 (Windows NT 10.0; Win64; x64) AppleWebKit/537.36 (KHTML, like Gecko) Chrome/91.0.4472.77 Safari/537.36"
::1 - - [02/Jun/2021:17:40:40 -0300] "GET /muspi_merol/wp-admin/js/edit-comments.min.js?ver=5.7.2 HTTP/1.1" 200 15284 "http://localhost/muspi_merol/wp-admin/" "Mozilla/5.0 (Windows NT 10.0; Win64; x64) AppleWebKit/537.36 (KHTML, like Gecko) Chrome/91.0.4472.77 Safari/537.36"
::1 - - [02/Jun/2021:17:40:40 -0300] "GET /muspi_merol/wp-includes/js/dist/date.min.js?ver=e44c6aaa6f78b408b2505ac9bfb0a862 HTTP/1.1" 200 203812 "http://localhost/muspi_merol/wp-admin/" "Mozilla/5.0 (Windows NT 10.0; Win64; x64) AppleWebKit/537.36 (KHTML, like Gecko) Chrome/91.0.4472.77 Safari/537.36"
::1 - - [02/Jun/2021:17:40:40 -0300] "GET /muspi_merol/wp-admin/js/site-health.min.js?ver=5.7.2 HTTP/1.1" 200 6008 "http://localhost/muspi_merol/wp-admin/" "Mozilla/5.0 (Windows NT 10.0; Win64; x64) AppleWebKit/537.36 (KHTML, like Gecko) Chrome/91.0.4472.77 Safari/537.36"
::1 - - [02/Jun/2021:17:40:40 -0300] "GET /muspi_merol/wp-includes/js/jquery/jquery.color.min.js?ver=2.1.2 HTTP/1.1" 200 9315 "http://localhost/muspi_merol/wp-admin/" "Mozilla/5.0 (Windows NT 10.0; Win64; x64) AppleWebKit/537.36 (KHTML, like Gecko) Chrome/91.0.4472.77 Safari/537.36"
::1 - - [02/Jun/2021:17:40:40 -0300] "GET /muspi_merol/wp-admin/js/plugin-install.min.js?ver=5.7.2 HTTP/1.1" 200 2419 "http://localhost/muspi_merol/wp-admin/" "Mozilla/5.0 (Windows NT 10.0; Win64; x64) AppleWebKit/537.36 (KHTML, like Gecko) Chrome/91.0.4472.77 Safari/537.36"
::1 - - [02/Jun/2021:17:40:40 -0300] "GET /muspi_merol/wp-includes/js/jquery/jquery.query.js?ver=2.1.7 HTTP/1.1" 200 3785 "http://localhost/muspi_merol/wp-admin/" "Mozilla/5.0 (Windows NT 10.0; Win64; x64) AppleWebKit/537.36 (KHTML, like Gecko) Chrome/91.0.4472.77 Safari/537.36"
::1 - - [02/Jun/2021:17:40:40 -0300] "GET /muspi_merol/wp-includes/js/wp-sanitize.min.js?ver=5.7.2 HTTP/1.1" 200 458 "http://localhost/muspi_merol/wp-admin/" "Mozilla/5.0 (Windows NT 10.0; Win64; x64) AppleWebKit/537.36 (KHTML, like Gecko) Chrome/91.0.4472.77 Safari/537.36"
::1 - - [02/Jun/2021:17:40:40 -0300] "GET /muspi_merol/wp-admin/js/dashboard.min.js?ver=5.7.2 HTTP/1.1" 200 8814 "http://localhost/muspi_merol/wp-admin/" "Mozilla/5.0 (Windows NT 10.0; Win64; x64) AppleWebKit/537.36 (KHTML, like Gecko) Chrome/91.0.4472.77 Safari/537.36"
::1 - - [02/Jun/2021:17:40:40 -0300] "GET /muspi_merol/wp-admin/js/media-upload.min.js?ver=5.7.2 HTTP/1.1" 200 1152 "http://localhost/muspi_merol/wp-admin/" "Mozilla/5.0 (Windows NT 10.0; Win64; x64) AppleWebKit/537.36 (KHTML, like Gecko) Chrome/91.0.4472.77 Safari/537.36"
::1 - - [02/Jun/2021:17:40:40 -0300] "GET /muspi_merol/wp-includes/js/dist/vendor/lodash.min.js?ver=4.17.19 HTTP/1.1" 200 72805 "http://localhost/muspi_merol/wp-admin/" "Mozilla/5.0 (Windows NT 10.0; Win64; x64) AppleWebKit/537.36 (KHTML, like Gecko) Chrome/91.0.4472.77 Safari/537.36"
::1 - - [02/Jun/2021:17:40:40 -0300] "GET /muspi_merol/wp-includes/js/wplink.min.js?ver=5.7.2 HTTP/1.1" 200 11283 "http://localhost/muspi_merol/wp-admin/" "Mozilla/5.0 (Windows NT 10.0; Win64; x64) AppleWebKit/537.36 (KHTML, like Gecko) Chrome/91.0.4472.77 Safari/537.36"
::1 - - [02/Jun/2021:17:40:40 -0300] "GET /muspi_merol/wp-includes/js/dist/vendor/moment.min.js?ver=2.26.0 HTTP/1.1" 200 58318 "http://localhost/muspi_merol/wp-admin/" "Mozilla/5.0 (Windows NT 10.0; Win64; x64) AppleWebKit/537.36 (KHTML, like Gecko) Chrome/91.0.4472.77 Safari/537.36"
::1 - - [02/Jun/2021:17:40:40 -0300] "GET /muspi_merol/wp-includes/js/jquery/ui/autocomplete.min.js?ver=1.12.1 HTTP/1.1" 200 8539 "http://localhost/muspi_merol/wp-admin/" "Mozilla/5.0 (Windows NT 10.0; Win64; x64) AppleWebKit/537.36 (KHTML, like Gecko) Chrome/91.0.4472.77 Safari/537.36"
::1 - - [02/Jun/2021:17:40:40 -0300] "GET /muspi_merol/wp-includes/js/heartbeat.min.js?ver=5.7.2 HTTP/1.1" 200 5883 "http://localhost/muspi_merol/wp-admin/" "Mozilla/5.0 (Windows NT 10.0; Win64; x64) AppleWebKit/537.36 (KHTML, like Gecko) Chrome/91.0.4472.77 Safari/537.36"
::1 - - [02/Jun/2021:17:40:40 -0300] "GET /muspi_merol/wp-includes/js/wp-auth-check.min.js?ver=5.7.2 HTTP/1.1" 200 1674 "http://localhost/muspi_merol/wp-admin/" "Mozilla/5.0 (Windows NT 10.0; Win64; x64) AppleWebKit/537.36 (KHTML, like Gecko) Chrome/91.0.4472.77 Safari/537.36"
::1 - - [02/Jun/2021:17:40:40 -0300] "GET /muspi_merol/wp-admin/js/svg-painter.js?ver=5.7.2 HTTP/1.1" 200 5538 "http://localhost/muspi_merol/wp-admin/" "Mozilla/5.0 (Windows NT 10.0; Win64; x64) AppleWebKit/537.36 (KHTML, like Gecko) Chrome/91.0.4472.77 Safari/537.36"
::1 - - [02/Jun/2021:17:40:40 -0300] "GET /muspi_merol/wp-admin/js/updates.min.js?ver=5.7.2 HTTP/1.1" 200 41056 "http://localhost/muspi_merol/wp-admin/" "Mozilla/5.0 (Windows NT 10.0; Win64; x64) AppleWebKit/537.36 (KHTML, like Gecko) Chrome/91.0.4472.77 Safari/537.36"
::1 - - [02/Jun/2021:17:40:40 -0300] "GET /muspi_merol/wp-includes/js/jquery/ui/menu.min.js?ver=1.12.1 HTTP/1.1" 200 9531 "http://localhost/muspi_merol/wp-admin/" "Mozilla/5.0 (Windows NT 10.0; Win64; x64) AppleWebKit/537.36 (KHTML, like Gecko) Chrome/91.0.4472.77 Safari/537.36"
::1 - - [02/Jun/2021:17:40:40 -0300] "GET /muspi_merol/wp-admin/admin-ajax.php?action=wp-compression-test&test=1&_ajax_nonce=7e9a2f1a0a&1622666440846 HTTP/1.1" 200 1114 "http://localhost/muspi_merol/wp-admin/" "Mozilla/5.0 (Windows NT 10.0; Win64; x64) AppleWebKit/537.36 (KHTML, like Gecko) Chrome/91.0.4472.77 Safari/537.36"
::1 - - [02/Jun/2021:17:40:41 -0300] "GET /muspi_merol/wp-admin/admin-ajax.php?action=wp-compression-test&test=2&_ajax_nonce=7e9a2f1a0a&1622666441184 HTTP/1.1" 200 572 "http://localhost/muspi_merol/wp-admin/" "Mozilla/5.0 (Windows NT 10.0; Win64; x64) AppleWebKit/537.36 (KHTML, like Gecko) Chrome/91.0.4472.77 Safari/537.36"
::1 - - [02/Jun/2021:17:40:41 -0300] "GET /muspi_merol/wp-admin/admin-ajax.php?action=wp-compression-test&test=yes&_ajax_nonce=7e9a2f1a0a&1622666441493 HTTP/1.1" 200 1 "http://localhost/muspi_merol/wp-admin/" "Mozilla/5.0 (Windows NT 10.0; Win64; x64) AppleWebKit/537.36 (KHTML, like Gecko) Chrome/91.0.4472.77 Safari/537.36"
::1 - - [02/Jun/2021:17:40:40 -0300] "POST /muspi_merol/wp-admin/admin-ajax.php HTTP/1.1" 200 950 "http://localhost/muspi_merol/wp-admin/" "Mozilla/5.0 (Windows NT 10.0; Win64; x64) AppleWebKit/537.36 (KHTML, like Gecko) Chrome/91.0.4472.77 Safari/537.36"
::1 - - [02/Jun/2021:17:40:28 -0300] "POST /muspi_merol/wp-cron.php?doing_wp_cron=1622666428.3266820907592773437500 HTTP/1.1" 200 - "http://localhost/muspi_merol/wp-cron.php?doing_wp_cron=1622666428.3266820907592773437500" "WordPress/5.7.2; http://localhost/muspi_merol"
::1 - - [02/Jun/2021:17:40:40 -0300] "GET /muspi_merol/wp-admin/admin-ajax.php?action=dashboard-widgets&widget=dashboard_primary&pagenow=dashboard HTTP/1.1" 200 1181 "http://localhost/muspi_merol/wp-admin/" "Mozilla/5.0 (Windows NT 10.0; Win64; x64) AppleWebKit/537.36 (KHTML, like Gecko) Chrome/91.0.4472.77 Safari/537.36"
::1 - - [02/Jun/2021:17:40:48 -0300] "GET /muspi_merol/wp-admin/themes.php HTTP/1.1" 200 61368 "http://localhost/muspi_merol/wp-admin/" "Mozilla/5.0 (Windows NT 10.0; Win64; x64) AppleWebKit/537.36 (KHTML, like Gecko) Chrome/91.0.4472.77 Safari/537.36"
::1 - - [02/Jun/2021:17:40:49 -0300] "GET /muspi_merol/wp-admin/load-scripts.php?c=1&load%5Bchunk_0%5D=jquery-core,jquery-migrate,utils&ver=5.7.2 HTTP/1.1" 200 102587 "http://localhost/muspi_merol/wp-admin/themes.php" "Mozilla/5.0 (Windows NT 10.0; Win64; x64) AppleWebKit/537.36 (KHTML, like Gecko) Chrome/91.0.4472.77 Safari/537.36"
::1 - - [02/Jun/2021:17:40:49 -0300] "GET /muspi_merol/wp-includes/js/customize-base.min.js?ver=5.7.2 HTTP/1.1" 200 7858 "http://localhost/muspi_merol/wp-admin/themes.php" "Mozilla/5.0 (Windows NT 10.0; Win64; x64) AppleWebKit/537.36 (KHTML, like Gecko) Chrome/91.0.4472.77 Safari/537.36"
::1 - - [02/Jun/2021:17:40:49 -0300] "GET /muspi_merol/wp-content/themes/twentynineteen/screenshot.png HTTP/1.1" 200 175535 "http://localhost/muspi_merol/wp-admin/themes.php" "Mozilla/5.0 (Windows NT 10.0; Win64; x64) AppleWebKit/537.36 (KHTML, like Gecko) Chrome/91.0.4472.77 Safari/537.36"
::1 - - [02/Jun/2021:17:40:49 -0300] "GET /muspi_merol/wp-content/themes/twentytwenty/screenshot.png HTTP/1.1" 200 53066 "http://localhost/muspi_merol/wp-admin/themes.php" "Mozilla/5.0 (Windows NT 10.0; Win64; x64) AppleWebKit/537.36 (KHTML, like Gecko) Chrome/91.0.4472.77 Safari/537.36"
::1 - - [02/Jun/2021:17:40:49 -0300] "GET /muspi_merol/wp-content/themes/twentytwentyone/screenshot.png HTTP/1.1" 200 282897 "http://localhost/muspi_merol/wp-admin/themes.php" "Mozilla/5.0 (Windows NT 10.0; Win64; x64) AppleWebKit/537.36 (KHTML, like Gecko) Chrome/91.0.4472.77 Safari/537.36"
::1 - - [02/Jun/2021:17:40:49 -0300] "GET /muspi_merol/wp-admin/js/theme.min.js?ver=5.7.2 HTTP/1.1" 200 27012 "http://localhost/muspi_merol/wp-admin/themes.php" "Mozilla/5.0 (Windows NT 10.0; Win64; x64) AppleWebKit/537.36 (KHTML, like Gecko) Chrome/91.0.4472.77 Safari/537.36"
::1 - - [02/Jun/2021:17:40:50 -0300] "POST /muspi_merol/wp-cron.php?doing_wp_cron=1622666450.8293750286102294921875 HTTP/1.1" 200 - "http://localhost/muspi_merol/wp-cron.php?doing_wp_cron=1622666450.8293750286102294921875" "WordPress/5.7.2; http://localhost/muspi_merol"
::1 - - [02/Jun/2021:17:40:50 -0300] "GET /muspi_merol/wp-admin/theme-install.php HTTP/1.1" 200 53049 "http://localhost/muspi_merol/wp-admin/themes.php" "Mozilla/5.0 (Windows NT 10.0; Win64; x64) AppleWebKit/537.36 (KHTML, like Gecko) Chrome/91.0.4472.77 Safari/537.36"
::1 - - [02/Jun/2021:17:40:51 -0300] "POST /muspi_merol/wp-admin/admin-ajax.php HTTP/1.1" 200 31338 "http://localhost/muspi_merol/wp-admin/theme-install.php?browse=featured" "Mozilla/5.0 (Windows NT 10.0; Win64; x64) AppleWebKit/537.36 (KHTML, like Gecko) Chrome/91.0.4472.77 Safari/537.36"
::1 - - [02/Jun/2021:17:40:54 -0300] "POST /muspi_merol/wp-admin/admin-ajax.php HTTP/1.1" 200 225019 "http://localhost/muspi_merol/wp-admin/theme-install.php?browse=featured" "Mozilla/5.0 (Windows NT 10.0; Win64; x64) AppleWebKit/537.36 (KHTML, like Gecko) Chrome/91.0.4472.77 Safari/537.36"
::1 - - [02/Jun/2021:17:40:55 -0300] "POST /muspi_merol/wp-admin/admin-ajax.php HTTP/1.1" 200 144881 "http://localhost/muspi_merol/wp-admin/theme-install.php?search=ne" "Mozilla/5.0 (Windows NT 10.0; Win64; x64) AppleWebKit/537.36 (KHTML, like Gecko) Chrome/91.0.4472.77 Safari/537.36"
::1 - - [02/Jun/2021:17:40:58 -0300] "POST /muspi_merol/wp-admin/admin-ajax.php HTTP/1.1" 200 336 "http://localhost/muspi_merol/wp-admin/theme-install.php?search=neve" "Mozilla/5.0 (Windows NT 10.0; Win64; x64) AppleWebKit/537.36 (KHTML, like Gecko) Chrome/91.0.4472.77 Safari/537.36"
::1 - - [02/Jun/2021:17:41:08 -0300] "GET /muspi_merol/wp-admin/themes.php?action=activate&_wpnonce=a802b7651d&stylesheet=neve HTTP/1.1" 302 - "http://localhost/muspi_merol/wp-admin/theme-install.php?search=neve" "Mozilla/5.0 (Windows NT 10.0; Win64; x64) AppleWebKit/537.36 (KHTML, like Gecko) Chrome/91.0.4472.77 Safari/537.36"
::1 - - [02/Jun/2021:17:41:12 -0300] "GET /muspi_merol/wp-content/themes/neve/assets/img/sites-list.jpg HTTP/1.1" 200 86371 "http://localhost/muspi_merol/wp-admin/themes.php?activated=true" "Mozilla/5.0 (Windows NT 10.0; Win64; x64) AppleWebKit/537.36 (KHTML, like Gecko) Chrome/91.0.4472.77 Safari/537.36"
::1 - - [02/Jun/2021:17:41:12 -0300] "GET /muspi_merol/wp-content/themes/neve/screenshot.png HTTP/1.1" 200 284585 "http://localhost/muspi_merol/wp-admin/themes.php?activated=true" "Mozilla/5.0 (Windows NT 10.0; Win64; x64) AppleWebKit/537.36 (KHTML, like Gecko) Chrome/91.0.4472.77 Safari/537.36"
::1 - - [02/Jun/2021:17:41:10 -0300] "GET /muspi_merol/wp-admin/themes.php?activated=true HTTP/1.1" 200 71855 "http://localhost/muspi_merol/wp-admin/theme-install.php?search=neve" "Mozilla/5.0 (Windows NT 10.0; Win64; x64) AppleWebKit/537.36 (KHTML, like Gecko) Chrome/91.0.4472.77 Safari/537.36"
::1 - - [02/Jun/2021:17:42:13 -0300] "POST /muspi_merol/wp-cron.php?doing_wp_cron=1622666533.4130520820617675781250 HTTP/1.1" 200 - "http://localhost/muspi_merol/wp-cron.php?doing_wp_cron=1622666533.4130520820617675781250" "WordPress/5.7.2; http://localhost/muspi_merol"
::1 - - [02/Jun/2021:17:42:13 -0300] "POST /muspi_merol/wp-admin/admin-ajax.php HTTP/1.1" 200 47 "http://localhost/muspi_merol/wp-admin/themes.php" "Mozilla/5.0 (Windows NT 10.0; Win64; x64) AppleWebKit/537.36 (KHTML, like Gecko) Chrome/91.0.4472.77 Safari/537.36"
::1 - - [02/Jun/2021:17:44:14 -0300] "POST /muspi_merol/wp-admin/admin-ajax.php HTTP/1.1" 200 47 "http://localhost/muspi_merol/wp-admin/themes.php" "Mozilla/5.0 (Windows NT 10.0; Win64; x64) AppleWebKit/537.36 (KHTML, like Gecko) Chrome/91.0.4472.77 Safari/537.36"
::1 - - [02/Jun/2021:17:46:15 -0300] "POST /muspi_merol/wp-admin/admin-ajax.php HTTP/1.1" 200 47 "http://localhost/muspi_merol/wp-admin/themes.php" "Mozilla/5.0 (Windows NT 10.0; Win64; x64) AppleWebKit/537.36 (KHTML, like Gecko) Chrome/91.0.4472.77 Safari/537.36"
::1 - - [02/Jun/2021:17:48:16 -0300] "POST /muspi_merol/wp-admin/admin-ajax.php HTTP/1.1" 200 47 "http://localhost/muspi_merol/wp-admin/themes.php" "Mozilla/5.0 (Windows NT 10.0; Win64; x64) AppleWebKit/537.36 (KHTML, like Gecko) Chrome/91.0.4472.77 Safari/537.36"
::1 - - [02/Jun/2021:17:50:17 -0300] "POST /muspi_merol/wp-admin/admin-ajax.php HTTP/1.1" 200 47 "http://localhost/muspi_merol/wp-admin/themes.php" "Mozilla/5.0 (Windows NT 10.0; Win64; x64) AppleWebKit/537.36 (KHTML, like Gecko) Chrome/91.0.4472.77 Safari/537.36"
